Internal ctest changing into directory: /home/workspace/build
Test project /home/workspace/build
    Start 12: test-regression
1/1 Test #12: test-regression ..................Subprocess aborted***Exception:   0.10 sec
test-regression: /home/workspace/src/tree.c:262: TreeFindPhrase: Assertion `range[1] >= range[0]' failed.


0% tests passed, 1 tests failed out of 1

Total Test time (real) =   0.10 sec

The following tests FAILED:
	 12 - test-regression (Subprocess aborted)
Errors while running CTest
